<?xml version="1.0" encoding="UTF-8"?>
<!-- Generated by org.testng.reporters.JUnitReportReporter -->
<testsuite hostname="Pandey" failures="0" tests="1" name="com.canossa.patients.DataFlowBetweenAppointmentHistoryandDoctorModule_IT" time="114.035" errors="0" timestamp="2022-12-07T10:43:31 IST" skipped="0">
  <testcase classname="com.canossa.patients.DataFlowBetweenAppointmentHistoryandDoctorModule_IT" name="dataFlowBetweenAppointmentHistoryandDoctorModule_IT" time="114.035"/>
  <system-out/>
</testsuite> <!-- com.canossa.patients.DataFlowBetweenAppointmentHistoryandDoctorModule_IT -->
