<?xml version="1.0" encoding="UTF-8"?>
<!-- Generated by org.testng.reporters.JUnitReportReporter -->
<testsuite hostname="Pandey" failures="0" tests="1" name="com.canossa.patients.VerifyingAppointmentHistoryTest" time="12.009" errors="0" timestamp="2022-12-07T15:46:29 IST" skipped="0">
  <testcase classname="com.canossa.patients.VerifyingAppointmentHistoryTest" name="verifyingAppointmentHistoryTest" time="12.009"/>
  <system-out>
    <![CDATA[appointment history page is displaying and passed ]]>
  </system-out>
</testsuite> <!-- com.canossa.patients.VerifyingAppointmentHistoryTest -->
