<?xml version="1.0" encoding="UTF-8"?>
<!-- Generated by org.testng.reporters.JUnitReportReporter -->
<testsuite hostname="Pandey" failures="0" tests="1" name="com.canossa.patients.VerifyMedicalHistorypageTest" time="57.407" errors="0" timestamp="2022-12-08T09:47:34 IST" skipped="0">
  <testcase classname="com.canossa.patients.VerifyMedicalHistorypageTest" name="verifyMedicalHistorypageTest" time="57.407"/>
  <system-out>
    <![CDATA[Medical history page is displayed and passed]]>
  </system-out>
</testsuite> <!-- com.canossa.patients.VerifyMedicalHistorypageTest -->
